[15:37:23] [main/INFO]: Extra: []
[15:37:23] [main/INFO]: Running with arguments: [--userProperties, {}, --assetsDir, /home/netsbit/.gradle/caches/minecraft/assets, --assetIndex, 1.8, --accessToken{REDACTED}, --version, 1.8.9, --tweakClass, net.minecraftforge.fml.common.launcher.FMLTweaker, --tweakClass, net.minecraftforge.gradle.tweakers.CoremodTweaker]
[15:37:23] [main/INFO]: Loading tweak class name net.minecraftforge.fml.common.launcher.FMLTweaker
[15:37:23] [main/ERROR]: Unable to launch
java.lang.ClassNotFoundException: net.minecraftforge.fml.common.launcher.FMLTweaker
	at java.net.URLClassLoader.findClass(URLClassLoader.java:387) ~[?:1.8.0_312]
	at java.lang.ClassLoader.loadClass(ClassLoader.java:418) ~[?:1.8.0_312]
	at sun.misc.Launcher$AppClassLoader.loadClass(Launcher.java:352) ~[?:1.8.0_312]
	at java.lang.ClassLoader.loadClass(ClassLoader.java:351) ~[?:1.8.0_312]
	at net.minecraft.launchwrapper.LaunchClassLoader.findClass(LaunchClassLoader.java:106) ~[launchwrapper-1.12.jar:?]
	at java.lang.ClassLoader.loadClass(ClassLoader.java:418) ~[?:1.8.0_312]
	at java.lang.ClassLoader.loadClass(ClassLoader.java:351) ~[?:1.8.0_312]
	at java.lang.Class.forName0(Native Method) ~[?:1.8.0_312]
	at java.lang.Class.forName(Class.java:348) ~[?:1.8.0_312]
	at net.minecraft.launchwrapper.Launch.launch(Launch.java:98) [launchwrapper-1.12.jar:?]
	at net.minecraft.launchwrapper.Launch.main(Launch.java:28) [launchwrapper-1.12.jar:?]
	at sun.reflect.NativeMethodAccessorImpl.invoke0(Native Method) ~[?:1.8.0_312]
	at sun.reflect.NativeMethodAccessorImpl.invoke(NativeMethodAccessorImpl.java:62) ~[?:1.8.0_312]
	at sun.reflect.DelegatingMethodAccessorImpl.invoke(DelegatingMethodAccessorImpl.java:43) ~[?:1.8.0_312]
	at java.lang.reflect.Method.invoke(Method.java:498) ~[?:1.8.0_312]
	at net.minecraftforge.gradle.GradleStartCommon.launch(GradleStartCommon.java:95) [start/:?]
	at GradleStart.main(GradleStart.java:24) [start/:?]
